[ 2023-10-06 12:24:41,743 ] 71 root - INFO - this is kind of main function that runs the complete mid process. 
[ 2023-10-06 12:24:41,744 ] 48 root - INFO - Enter the data ingestion method
[ 2023-10-06 12:24:41,744 ] 51 root - INFO - Read the dataset as dataframe
[ 2023-10-06 12:24:41,744 ] 54 root - INFO - Train test split initiated
[ 2023-10-06 12:24:41,766 ] 78 root - INFO - Read train and test data completed
[ 2023-10-06 12:24:41,766 ] 81 root - INFO - Obtaining time series data transformation parameters
[ 2023-10-06 12:24:41,766 ] 62 root - INFO - Invoice columns: ['Invoice Amount']
[ 2023-10-06 12:24:41,781 ] 42 root - INFO - Working on Models !
[ 2023-10-06 12:24:42,903 ] 72 root - INFO - Best found model on both training and testing dataset
[ 2023-10-06 12:24:42,908 ] 71 root - INFO - this is kind of main function that runs the complete mid process. 
[ 2023-10-06 12:24:42,908 ] 48 root - INFO - Enter the data ingestion method
[ 2023-10-06 12:24:42,908 ] 51 root - INFO - Read the dataset as dataframe
[ 2023-10-06 12:24:42,908 ] 54 root - INFO - Train test split initiated
[ 2023-10-06 12:24:42,927 ] 78 root - INFO - Read train and test data completed
[ 2023-10-06 12:24:42,927 ] 81 root - INFO - Obtaining time series data transformation parameters
[ 2023-10-06 12:24:42,927 ] 62 root - INFO - Invoice columns: ['Invoice Amount']
[ 2023-10-06 12:24:42,941 ] 42 root - INFO - Working on Models !
[ 2023-10-06 12:24:43,819 ] 72 root - INFO - Best found model on both training and testing dataset
[ 2023-10-06 12:24:43,823 ] 71 root - INFO - this is kind of main function that runs the complete mid process. 
[ 2023-10-06 12:24:43,823 ] 48 root - INFO - Enter the data ingestion method
[ 2023-10-06 12:24:43,824 ] 51 root - INFO - Read the dataset as dataframe
[ 2023-10-06 12:24:43,824 ] 54 root - INFO - Train test split initiated
[ 2023-10-06 12:24:43,841 ] 78 root - INFO - Read train and test data completed
[ 2023-10-06 12:24:43,841 ] 81 root - INFO - Obtaining time series data transformation parameters
[ 2023-10-06 12:24:43,841 ] 62 root - INFO - Invoice columns: ['Invoice Amount']
[ 2023-10-06 12:24:43,855 ] 42 root - INFO - Working on Models !
[ 2023-10-06 12:24:44,942 ] 72 root - INFO - Best found model on both training and testing dataset
