[ 2023-10-11 11:19:22,580 ] 26 root - INFO - 
<<<<<<<<<<<<<<<<<<<<<<<<<< C:\Users\abhay.bhandari\Jupyter files\Caresmartz360\Agencies >>>>>>>>>>>>>>>>>>>>>>>>>>>>>

[ 2023-10-11 11:19:22,580 ] 26 root - INFO - Starting the data loader process....
[ 2023-10-11 11:19:22,580 ] 32 root - INFO - Now working on each subfolder.
[ 2023-10-11 11:19:22,580 ] 39 root - INFO - Started with the data_loading process.
[ 2023-10-11 11:19:22,588 ] 66 root - INFO - This is the main function that runs the complete mid process.
[ 2023-10-11 11:19:22,589 ] 35 root - INFO - Entering the data ingestion method
[ 2023-10-11 11:19:22,598 ] 38 root - INFO - Reading the dataset as a dataframe
[ 2023-10-11 11:19:22,598 ] 41 root - INFO - Train-test split initiated
[ 2023-10-11 11:19:22,630 ] 42 root - INFO - Read train and test data completed
[ 2023-10-11 11:19:22,630 ] 46 root - INFO - Obtaining time series data transformation parameters
[ 2023-10-11 11:19:22,648 ] 42 root - INFO - Working on Models !
[ 2023-10-11 11:19:23,879 ] 75 root - INFO - Best found model on both training and testing dataset
[ 2023-10-11 11:19:23,887 ] 48 root - INFO - data loaded successfully for AdmireCare
[ 2023-10-11 11:19:23,887 ] 32 root - INFO - Now working on each subfolder.
[ 2023-10-11 11:19:23,887 ] 39 root - INFO - Started with the data_loading process.
[ 2023-10-11 11:19:23,900 ] 66 root - INFO - This is the main function that runs the complete mid process.
[ 2023-10-11 11:19:23,900 ] 35 root - INFO - Entering the data ingestion method
[ 2023-10-11 11:19:23,900 ] 38 root - INFO - Reading the dataset as a dataframe
[ 2023-10-11 11:19:23,900 ] 41 root - INFO - Train-test split initiated
[ 2023-10-11 11:19:23,928 ] 42 root - INFO - Read train and test data completed
[ 2023-10-11 11:19:23,928 ] 46 root - INFO - Obtaining time series data transformation parameters
[ 2023-10-11 11:19:23,945 ] 42 root - INFO - Working on Models !
[ 2023-10-11 11:19:25,229 ] 75 root - INFO - Best found model on both training and testing dataset
[ 2023-10-11 11:19:25,304 ] 48 root - INFO - data loaded successfully for Bluemountain
[ 2023-10-11 11:19:25,304 ] 32 root - INFO - Now working on each subfolder.
[ 2023-10-11 11:19:25,304 ] 39 root - INFO - Started with the data_loading process.
[ 2023-10-11 11:19:25,327 ] 66 root - INFO - This is the main function that runs the complete mid process.
[ 2023-10-11 11:19:25,327 ] 35 root - INFO - Entering the data ingestion method
[ 2023-10-11 11:19:25,327 ] 38 root - INFO - Reading the dataset as a dataframe
[ 2023-10-11 11:19:25,327 ] 41 root - INFO - Train-test split initiated
[ 2023-10-11 11:19:25,353 ] 42 root - INFO - Read train and test data completed
[ 2023-10-11 11:19:25,353 ] 46 root - INFO - Obtaining time series data transformation parameters
[ 2023-10-11 11:19:25,369 ] 42 root - INFO - Working on Models !
[ 2023-10-11 11:19:26,410 ] 75 root - INFO - Best found model on both training and testing dataset
[ 2023-10-11 11:19:26,417 ] 48 root - INFO - data loaded successfully for CuraCare
