[ 2023-10-06 11:57:08,354 ] 71 root - INFO - this is kind of main function that runs the complete mid process. 
[ 2023-10-06 11:57:08,354 ] 48 root - INFO - Enter the data ingestion method
[ 2023-10-06 11:57:08,354 ] 51 root - INFO - Read the dataset as dataframe
[ 2023-10-06 11:57:08,354 ] 54 root - INFO - Train test split initiated
[ 2023-10-06 11:57:08,376 ] 78 root - INFO - Read train and test data completed
[ 2023-10-06 11:57:08,376 ] 81 root - INFO - Obtaining time series data transformation parameters
[ 2023-10-06 11:57:08,376 ] 62 root - INFO - Invoice columns: ['Invoice Amount']
[ 2023-10-06 11:57:08,387 ] 42 root - INFO - Working on Models !
[ 2023-10-06 11:57:10,349 ] 72 root - INFO - Best found model on both training and testing dataset
[ 2023-10-06 11:57:10,367 ] 71 root - INFO - this is kind of main function that runs the complete mid process. 
[ 2023-10-06 11:57:10,367 ] 48 root - INFO - Enter the data ingestion method
[ 2023-10-06 11:57:10,367 ] 51 root - INFO - Read the dataset as dataframe
[ 2023-10-06 11:57:10,368 ] 54 root - INFO - Train test split initiated
[ 2023-10-06 11:57:10,388 ] 78 root - INFO - Read train and test data completed
[ 2023-10-06 11:57:10,388 ] 81 root - INFO - Obtaining time series data transformation parameters
[ 2023-10-06 11:57:10,388 ] 62 root - INFO - Invoice columns: ['Invoice Amount']
[ 2023-10-06 11:57:10,398 ] 42 root - INFO - Working on Models !
[ 2023-10-06 11:57:18,344 ] 72 root - INFO - Best found model on both training and testing dataset
[ 2023-10-06 11:57:18,360 ] 71 root - INFO - this is kind of main function that runs the complete mid process. 
[ 2023-10-06 11:57:18,360 ] 48 root - INFO - Enter the data ingestion method
[ 2023-10-06 11:57:18,360 ] 51 root - INFO - Read the dataset as dataframe
[ 2023-10-06 11:57:18,360 ] 54 root - INFO - Train test split initiated
[ 2023-10-06 11:57:18,376 ] 78 root - INFO - Read train and test data completed
[ 2023-10-06 11:57:18,376 ] 81 root - INFO - Obtaining time series data transformation parameters
[ 2023-10-06 11:57:18,376 ] 62 root - INFO - Invoice columns: ['Invoice Amount']
[ 2023-10-06 11:57:18,386 ] 42 root - INFO - Working on Models !
[ 2023-10-06 11:57:22,253 ] 72 root - INFO - Best found model on both training and testing dataset
