[ 2023-10-06 17:32:30,469 ] 72 root - INFO - this is kind of main function that runs the complete mid process. 
[ 2023-10-06 17:32:30,469 ] 49 root - INFO - Enter the data ingestion method
[ 2023-10-06 17:32:30,470 ] 52 root - INFO - Read the dataset as dataframe
[ 2023-10-06 17:32:30,470 ] 55 root - INFO - Train test split initiated
[ 2023-10-06 17:32:30,491 ] 78 root - INFO - Read train and test data completed
[ 2023-10-06 17:32:30,491 ] 81 root - INFO - Obtaining time series data transformation parameters
[ 2023-10-06 17:32:30,491 ] 62 root - INFO - Invoice columns: ['Invoice Amount']
[ 2023-10-06 17:32:30,503 ] 37 root - INFO - Working on Models !
[ 2023-10-06 17:32:32,337 ] 68 root - INFO - Best found model on both training and testing dataset
[ 2023-10-06 17:32:32,347 ] 72 root - INFO - this is kind of main function that runs the complete mid process. 
[ 2023-10-06 17:32:32,347 ] 49 root - INFO - Enter the data ingestion method
[ 2023-10-06 17:32:32,347 ] 52 root - INFO - Read the dataset as dataframe
[ 2023-10-06 17:32:32,347 ] 55 root - INFO - Train test split initiated
[ 2023-10-06 17:32:32,366 ] 78 root - INFO - Read train and test data completed
[ 2023-10-06 17:32:32,366 ] 81 root - INFO - Obtaining time series data transformation parameters
[ 2023-10-06 17:32:32,366 ] 62 root - INFO - Invoice columns: ['Invoice Amount']
[ 2023-10-06 17:32:32,377 ] 37 root - INFO - Working on Models !
[ 2023-10-06 17:32:40,186 ] 68 root - INFO - Best found model on both training and testing dataset
[ 2023-10-06 17:32:40,206 ] 72 root - INFO - this is kind of main function that runs the complete mid process. 
[ 2023-10-06 17:32:40,206 ] 49 root - INFO - Enter the data ingestion method
[ 2023-10-06 17:32:40,206 ] 52 root - INFO - Read the dataset as dataframe
[ 2023-10-06 17:32:40,206 ] 55 root - INFO - Train test split initiated
[ 2023-10-06 17:32:40,228 ] 78 root - INFO - Read train and test data completed
[ 2023-10-06 17:32:40,228 ] 81 root - INFO - Obtaining time series data transformation parameters
[ 2023-10-06 17:32:40,228 ] 62 root - INFO - Invoice columns: ['Invoice Amount']
[ 2023-10-06 17:32:40,241 ] 37 root - INFO - Working on Models !
[ 2023-10-06 17:32:43,913 ] 68 root - INFO - Best found model on both training and testing dataset
