[ 2023-10-09 11:59:50,966 ] 72 root - INFO - this is kind of main function that runs the complete mid process. 
[ 2023-10-09 11:59:50,966 ] 49 root - INFO - Enter the data ingestion method
[ 2023-10-09 11:59:50,966 ] 52 root - INFO - Read the dataset as dataframe
[ 2023-10-09 11:59:50,977 ] 55 root - INFO - Train test split initiated
[ 2023-10-09 11:59:51,132 ] 78 root - INFO - Read train and test data completed
[ 2023-10-09 11:59:51,133 ] 81 root - INFO - Obtaining time series data transformation parameters
[ 2023-10-09 11:59:51,133 ] 62 root - INFO - Invoice columns: ['Invoice Amount']
[ 2023-10-09 11:59:51,216 ] 39 root - INFO - Working on Models !
[ 2023-10-09 11:59:54,841 ] 70 root - INFO - Best found model on both training and testing dataset
[ 2023-10-09 11:59:54,882 ] 72 root - INFO - this is kind of main function that runs the complete mid process. 
[ 2023-10-09 11:59:54,882 ] 49 root - INFO - Enter the data ingestion method
[ 2023-10-09 11:59:54,882 ] 52 root - INFO - Read the dataset as dataframe
[ 2023-10-09 11:59:54,883 ] 55 root - INFO - Train test split initiated
[ 2023-10-09 11:59:54,910 ] 78 root - INFO - Read train and test data completed
[ 2023-10-09 11:59:54,910 ] 81 root - INFO - Obtaining time series data transformation parameters
[ 2023-10-09 11:59:54,910 ] 62 root - INFO - Invoice columns: ['Invoice Amount']
[ 2023-10-09 11:59:54,925 ] 39 root - INFO - Working on Models !
[ 2023-10-09 12:00:03,926 ] 70 root - INFO - Best found model on both training and testing dataset
[ 2023-10-09 12:00:04,093 ] 72 root - INFO - this is kind of main function that runs the complete mid process. 
[ 2023-10-09 12:00:04,093 ] 49 root - INFO - Enter the data ingestion method
[ 2023-10-09 12:00:04,093 ] 52 root - INFO - Read the dataset as dataframe
[ 2023-10-09 12:00:04,094 ] 55 root - INFO - Train test split initiated
[ 2023-10-09 12:00:04,131 ] 78 root - INFO - Read train and test data completed
[ 2023-10-09 12:00:04,131 ] 81 root - INFO - Obtaining time series data transformation parameters
[ 2023-10-09 12:00:04,131 ] 62 root - INFO - Invoice columns: ['Invoice Amount']
[ 2023-10-09 12:00:04,149 ] 39 root - INFO - Working on Models !
[ 2023-10-09 12:00:08,145 ] 70 root - INFO - Best found model on both training and testing dataset
