[ 2023-10-06 11:23:15,544 ] 71 root - INFO - this is kind of main function that runs the complete mid process. 
[ 2023-10-06 11:23:15,544 ] 48 root - INFO - Enter the data ingestion method
[ 2023-10-06 11:23:15,544 ] 51 root - INFO - Read the dataset as dataframe
[ 2023-10-06 11:23:15,545 ] 54 root - INFO - Train test split initiated
[ 2023-10-06 11:23:15,569 ] 78 root - INFO - Read train and test data completed
[ 2023-10-06 11:23:15,569 ] 81 root - INFO - Obtaining time series data transformation parameters
[ 2023-10-06 11:23:15,569 ] 62 root - INFO - Invoice columns: ['Invoice Amount']
[ 2023-10-06 11:23:15,586 ] 71 root - INFO - this is kind of main function that runs the complete mid process. 
[ 2023-10-06 11:23:15,586 ] 48 root - INFO - Enter the data ingestion method
[ 2023-10-06 11:23:15,586 ] 51 root - INFO - Read the dataset as dataframe
[ 2023-10-06 11:23:15,586 ] 54 root - INFO - Train test split initiated
[ 2023-10-06 11:23:15,606 ] 78 root - INFO - Read train and test data completed
[ 2023-10-06 11:23:15,606 ] 81 root - INFO - Obtaining time series data transformation parameters
[ 2023-10-06 11:23:15,606 ] 62 root - INFO - Invoice columns: ['Invoice Amount']
[ 2023-10-06 11:23:15,630 ] 71 root - INFO - this is kind of main function that runs the complete mid process. 
[ 2023-10-06 11:23:15,630 ] 48 root - INFO - Enter the data ingestion method
[ 2023-10-06 11:23:15,630 ] 51 root - INFO - Read the dataset as dataframe
[ 2023-10-06 11:23:15,631 ] 54 root - INFO - Train test split initiated
[ 2023-10-06 11:23:15,647 ] 78 root - INFO - Read train and test data completed
[ 2023-10-06 11:23:15,647 ] 81 root - INFO - Obtaining time series data transformation parameters
[ 2023-10-06 11:23:15,647 ] 62 root - INFO - Invoice columns: ['Invoice Amount']
