[ 2023-10-05 18:35:53,912 ] 71 root - INFO - this is kind of main function that runs the complete mid process. 
[ 2023-10-05 18:35:53,913 ] 48 root - INFO - Enter the data ingestion method
[ 2023-10-05 18:35:53,913 ] 51 root - INFO - Read the dataset as dataframe
[ 2023-10-05 18:35:53,913 ] 54 root - INFO - Train test split initiated
[ 2023-10-05 18:35:53,935 ] 78 root - INFO - Read train and test data completed
[ 2023-10-05 18:35:53,935 ] 81 root - INFO - Obtaining time series data transformation parameters
[ 2023-10-05 18:35:53,935 ] 62 root - INFO - Invoice columns: ['Invoice Amount']
[ 2023-10-05 18:35:53,950 ] 42 root - INFO - Working on Models !
[ 2023-10-05 18:35:55,907 ] 74 root - INFO - Best found model on both training and testing dataset
[ 2023-10-05 18:35:55,917 ] 71 root - INFO - this is kind of main function that runs the complete mid process. 
[ 2023-10-05 18:35:55,917 ] 48 root - INFO - Enter the data ingestion method
[ 2023-10-05 18:35:55,917 ] 51 root - INFO - Read the dataset as dataframe
[ 2023-10-05 18:35:55,918 ] 54 root - INFO - Train test split initiated
[ 2023-10-05 18:35:55,937 ] 78 root - INFO - Read train and test data completed
[ 2023-10-05 18:35:55,937 ] 81 root - INFO - Obtaining time series data transformation parameters
[ 2023-10-05 18:35:55,937 ] 62 root - INFO - Invoice columns: ['Invoice Amount']
[ 2023-10-05 18:35:55,950 ] 42 root - INFO - Working on Models !
[ 2023-10-05 18:36:05,699 ] 74 root - INFO - Best found model on both training and testing dataset
[ 2023-10-05 18:36:05,712 ] 71 root - INFO - this is kind of main function that runs the complete mid process. 
[ 2023-10-05 18:36:05,712 ] 48 root - INFO - Enter the data ingestion method
[ 2023-10-05 18:36:05,712 ] 51 root - INFO - Read the dataset as dataframe
[ 2023-10-05 18:36:05,713 ] 54 root - INFO - Train test split initiated
[ 2023-10-05 18:36:05,729 ] 78 root - INFO - Read train and test data completed
[ 2023-10-05 18:36:05,730 ] 81 root - INFO - Obtaining time series data transformation parameters
[ 2023-10-05 18:36:05,730 ] 62 root - INFO - Invoice columns: ['Invoice Amount']
[ 2023-10-05 18:36:05,742 ] 42 root - INFO - Working on Models !
[ 2023-10-05 18:36:26,383 ] 74 root - INFO - Best found model on both training and testing dataset
