[ 2023-10-10 17:41:23,655 ] 27 root - INFO - 
<<<<<<<<<<<<<<<<<<<<<<<<<< C:\Users\abhay.bhandari\Jupyter files\Caresmartz360\Agencies >>>>>>>>>>>>>>>>>>>>>>>>>>>>>

[ 2023-10-10 17:41:23,655 ] 27 root - INFO - Starting the data loader process....
[ 2023-10-10 17:41:23,656 ] 32 root - INFO - Now working on each subfolder.
[ 2023-10-10 17:41:23,664 ] 58 root - INFO - This is the main function that runs the complete mid process.
[ 2023-10-10 17:41:23,664 ] 35 root - INFO - Entering the data ingestion method
[ 2023-10-10 17:41:23,664 ] 38 root - INFO - Reading the dataset as a dataframe
[ 2023-10-10 17:41:23,665 ] 41 root - INFO - Train-test split initiated
[ 2023-10-10 17:41:23,685 ] 42 root - INFO - Read train and test data completed
[ 2023-10-10 17:41:23,686 ] 46 root - INFO - Obtaining time series data transformation parameters
[ 2023-10-10 17:41:23,704 ] 40 root - INFO - Working on Models !
[ 2023-10-10 17:41:27,546 ] 72 root - INFO - Best found model on both training and testing dataset
[ 2023-10-10 17:41:27,555 ] 49 root - INFO - data loaded successfully for AdmireCare
[ 2023-10-10 17:41:27,555 ] 32 root - INFO - Now working on each subfolder.
[ 2023-10-10 17:41:27,557 ] 58 root - INFO - This is the main function that runs the complete mid process.
[ 2023-10-10 17:41:27,557 ] 35 root - INFO - Entering the data ingestion method
[ 2023-10-10 17:41:27,557 ] 38 root - INFO - Reading the dataset as a dataframe
[ 2023-10-10 17:41:27,558 ] 41 root - INFO - Train-test split initiated
[ 2023-10-10 17:41:27,572 ] 42 root - INFO - Read train and test data completed
[ 2023-10-10 17:41:27,572 ] 46 root - INFO - Obtaining time series data transformation parameters
[ 2023-10-10 17:41:27,588 ] 40 root - INFO - Working on Models !
[ 2023-10-10 17:41:31,490 ] 72 root - INFO - Best found model on both training and testing dataset
[ 2023-10-10 17:41:31,497 ] 49 root - INFO - data loaded successfully for Bluemountain
[ 2023-10-10 17:41:31,497 ] 32 root - INFO - Now working on each subfolder.
[ 2023-10-10 17:41:31,499 ] 58 root - INFO - This is the main function that runs the complete mid process.
[ 2023-10-10 17:41:31,499 ] 35 root - INFO - Entering the data ingestion method
[ 2023-10-10 17:41:31,499 ] 38 root - INFO - Reading the dataset as a dataframe
[ 2023-10-10 17:41:31,500 ] 41 root - INFO - Train-test split initiated
[ 2023-10-10 17:41:31,513 ] 42 root - INFO - Read train and test data completed
[ 2023-10-10 17:41:31,513 ] 46 root - INFO - Obtaining time series data transformation parameters
[ 2023-10-10 17:41:31,530 ] 40 root - INFO - Working on Models !
[ 2023-10-10 17:41:35,425 ] 72 root - INFO - Best found model on both training and testing dataset
[ 2023-10-10 17:41:35,434 ] 49 root - INFO - data loaded successfully for CuraCare
