[ 2023-10-06 19:10:31,645 ] 72 root - INFO - this is kind of main function that runs the complete mid process. 
[ 2023-10-06 19:10:31,645 ] 49 root - INFO - Enter the data ingestion method
[ 2023-10-06 19:10:31,645 ] 52 root - INFO - Read the dataset as dataframe
[ 2023-10-06 19:10:31,646 ] 55 root - INFO - Train test split initiated
[ 2023-10-06 19:10:31,669 ] 78 root - INFO - Read train and test data completed
[ 2023-10-06 19:10:31,670 ] 81 root - INFO - Obtaining time series data transformation parameters
[ 2023-10-06 19:10:31,670 ] 62 root - INFO - Invoice columns: ['Invoice Amount']
[ 2023-10-06 19:10:31,681 ] 37 root - INFO - Working on Models !
[ 2023-10-06 19:10:33,578 ] 68 root - INFO - Best found model on both training and testing dataset
[ 2023-10-06 19:10:33,588 ] 72 root - INFO - this is kind of main function that runs the complete mid process. 
[ 2023-10-06 19:10:33,588 ] 49 root - INFO - Enter the data ingestion method
[ 2023-10-06 19:10:33,588 ] 52 root - INFO - Read the dataset as dataframe
[ 2023-10-06 19:10:33,588 ] 55 root - INFO - Train test split initiated
[ 2023-10-06 19:10:33,608 ] 78 root - INFO - Read train and test data completed
[ 2023-10-06 19:10:33,608 ] 81 root - INFO - Obtaining time series data transformation parameters
[ 2023-10-06 19:10:33,608 ] 62 root - INFO - Invoice columns: ['Invoice Amount']
[ 2023-10-06 19:10:33,619 ] 37 root - INFO - Working on Models !
[ 2023-10-06 19:10:41,370 ] 68 root - INFO - Best found model on both training and testing dataset
[ 2023-10-06 19:10:41,386 ] 72 root - INFO - this is kind of main function that runs the complete mid process. 
[ 2023-10-06 19:10:41,386 ] 49 root - INFO - Enter the data ingestion method
[ 2023-10-06 19:10:41,386 ] 52 root - INFO - Read the dataset as dataframe
[ 2023-10-06 19:10:41,386 ] 55 root - INFO - Train test split initiated
[ 2023-10-06 19:10:41,403 ] 78 root - INFO - Read train and test data completed
[ 2023-10-06 19:10:41,403 ] 81 root - INFO - Obtaining time series data transformation parameters
[ 2023-10-06 19:10:41,403 ] 62 root - INFO - Invoice columns: ['Invoice Amount']
[ 2023-10-06 19:10:41,413 ] 37 root - INFO - Working on Models !
[ 2023-10-06 19:10:44,951 ] 68 root - INFO - Best found model on both training and testing dataset
