[ 2023-10-06 17:55:33,355 ] 72 root - INFO - this is kind of main function that runs the complete mid process. 
[ 2023-10-06 17:55:33,356 ] 49 root - INFO - Enter the data ingestion method
[ 2023-10-06 17:55:33,356 ] 52 root - INFO - Read the dataset as dataframe
[ 2023-10-06 17:55:33,356 ] 55 root - INFO - Train test split initiated
[ 2023-10-06 17:55:33,378 ] 78 root - INFO - Read train and test data completed
[ 2023-10-06 17:55:33,378 ] 81 root - INFO - Obtaining time series data transformation parameters
[ 2023-10-06 17:55:33,378 ] 62 root - INFO - Invoice columns: ['Invoice Amount']
[ 2023-10-06 17:55:33,388 ] 37 root - INFO - Working on Models !
[ 2023-10-06 17:55:35,247 ] 68 root - INFO - Best found model on both training and testing dataset
[ 2023-10-06 17:55:35,257 ] 72 root - INFO - this is kind of main function that runs the complete mid process. 
[ 2023-10-06 17:55:35,257 ] 49 root - INFO - Enter the data ingestion method
[ 2023-10-06 17:55:35,257 ] 52 root - INFO - Read the dataset as dataframe
[ 2023-10-06 17:55:35,258 ] 55 root - INFO - Train test split initiated
[ 2023-10-06 17:55:35,277 ] 78 root - INFO - Read train and test data completed
[ 2023-10-06 17:55:35,277 ] 81 root - INFO - Obtaining time series data transformation parameters
[ 2023-10-06 17:55:35,277 ] 62 root - INFO - Invoice columns: ['Invoice Amount']
[ 2023-10-06 17:55:35,288 ] 37 root - INFO - Working on Models !
[ 2023-10-06 17:55:43,369 ] 68 root - INFO - Best found model on both training and testing dataset
[ 2023-10-06 17:55:43,384 ] 72 root - INFO - this is kind of main function that runs the complete mid process. 
[ 2023-10-06 17:55:43,384 ] 49 root - INFO - Enter the data ingestion method
[ 2023-10-06 17:55:43,384 ] 52 root - INFO - Read the dataset as dataframe
[ 2023-10-06 17:55:43,384 ] 55 root - INFO - Train test split initiated
[ 2023-10-06 17:55:43,401 ] 78 root - INFO - Read train and test data completed
[ 2023-10-06 17:55:43,401 ] 81 root - INFO - Obtaining time series data transformation parameters
[ 2023-10-06 17:55:43,401 ] 62 root - INFO - Invoice columns: ['Invoice Amount']
[ 2023-10-06 17:55:43,411 ] 37 root - INFO - Working on Models !
[ 2023-10-06 17:55:47,090 ] 68 root - INFO - Best found model on both training and testing dataset
