[ 2023-10-11 11:29:42,843 ] 26 root - INFO - 
<<<<<<<<<<<<<<<<<<<<<<<<<< C:\Users\abhay.bhandari\Jupyter files\Caresmartz360\Agencies >>>>>>>>>>>>>>>>>>>>>>>>>>>>>

[ 2023-10-11 11:29:42,844 ] 26 root - INFO - Starting the data loader process....
[ 2023-10-11 11:29:42,844 ] 32 root - INFO - Now working on each subfolder.
[ 2023-10-11 11:29:42,844 ] 39 root - INFO - Started with the data_loading process.
[ 2023-10-11 11:29:42,852 ] 66 root - INFO - This is the main function that runs the complete mid process.
[ 2023-10-11 11:29:42,852 ] 35 root - INFO - Entering the data ingestion method
[ 2023-10-11 11:29:42,858 ] 38 root - INFO - Reading the dataset as a dataframe
[ 2023-10-11 11:29:42,859 ] 41 root - INFO - Train-test split initiated
[ 2023-10-11 11:29:42,891 ] 42 root - INFO - Read train and test data completed
[ 2023-10-11 11:29:42,892 ] 46 root - INFO - Obtaining time series data transformation parameters
[ 2023-10-11 11:29:42,910 ] 42 root - INFO - Working on Models !
[ 2023-10-11 11:29:48,139 ] 75 root - INFO - Best found model on both training and testing dataset
[ 2023-10-11 11:29:48,147 ] 48 root - INFO - data loaded successfully for AdmireCare
[ 2023-10-11 11:29:48,147 ] 32 root - INFO - Now working on each subfolder.
[ 2023-10-11 11:29:48,148 ] 39 root - INFO - Started with the data_loading process.
[ 2023-10-11 11:29:48,150 ] 66 root - INFO - This is the main function that runs the complete mid process.
[ 2023-10-11 11:29:48,150 ] 35 root - INFO - Entering the data ingestion method
[ 2023-10-11 11:29:48,150 ] 38 root - INFO - Reading the dataset as a dataframe
[ 2023-10-11 11:29:48,151 ] 41 root - INFO - Train-test split initiated
[ 2023-10-11 11:29:48,178 ] 42 root - INFO - Read train and test data completed
[ 2023-10-11 11:29:48,178 ] 46 root - INFO - Obtaining time series data transformation parameters
[ 2023-10-11 11:29:48,195 ] 42 root - INFO - Working on Models !
[ 2023-10-11 11:29:52,958 ] 75 root - INFO - Best found model on both training and testing dataset
[ 2023-10-11 11:29:52,973 ] 48 root - INFO - data loaded successfully for Bluemountain
[ 2023-10-11 11:29:52,974 ] 32 root - INFO - Now working on each subfolder.
[ 2023-10-11 11:29:52,974 ] 39 root - INFO - Started with the data_loading process.
[ 2023-10-11 11:29:52,976 ] 66 root - INFO - This is the main function that runs the complete mid process.
[ 2023-10-11 11:29:52,976 ] 35 root - INFO - Entering the data ingestion method
[ 2023-10-11 11:29:52,976 ] 38 root - INFO - Reading the dataset as a dataframe
[ 2023-10-11 11:29:52,977 ] 41 root - INFO - Train-test split initiated
[ 2023-10-11 11:29:53,005 ] 42 root - INFO - Read train and test data completed
[ 2023-10-11 11:29:53,005 ] 46 root - INFO - Obtaining time series data transformation parameters
[ 2023-10-11 11:29:53,023 ] 42 root - INFO - Working on Models !
[ 2023-10-11 11:29:58,461 ] 75 root - INFO - Best found model on both training and testing dataset
[ 2023-10-11 11:29:58,492 ] 48 root - INFO - data loaded successfully for CuraCare
