[ 2023-10-06 13:57:28,100 ] 71 root - INFO - this is kind of main function that runs the complete mid process. 
[ 2023-10-06 13:57:28,100 ] 48 root - INFO - Enter the data ingestion method
[ 2023-10-06 13:57:28,100 ] 51 root - INFO - Read the dataset as dataframe
[ 2023-10-06 13:57:28,101 ] 54 root - INFO - Train test split initiated
[ 2023-10-06 13:57:28,123 ] 78 root - INFO - Read train and test data completed
[ 2023-10-06 13:57:28,123 ] 81 root - INFO - Obtaining time series data transformation parameters
[ 2023-10-06 13:57:28,123 ] 62 root - INFO - Invoice columns: ['Invoice Amount']
[ 2023-10-06 13:57:28,134 ] 36 root - INFO - Working on Models !
[ 2023-10-06 13:57:29,975 ] 67 root - INFO - Best found model on both training and testing dataset
[ 2023-10-06 13:57:29,983 ] 71 root - INFO - this is kind of main function that runs the complete mid process. 
[ 2023-10-06 13:57:29,983 ] 48 root - INFO - Enter the data ingestion method
[ 2023-10-06 13:57:29,983 ] 51 root - INFO - Read the dataset as dataframe
[ 2023-10-06 13:57:29,983 ] 54 root - INFO - Train test split initiated
[ 2023-10-06 13:57:30,001 ] 78 root - INFO - Read train and test data completed
[ 2023-10-06 13:57:30,001 ] 81 root - INFO - Obtaining time series data transformation parameters
[ 2023-10-06 13:57:30,001 ] 62 root - INFO - Invoice columns: ['Invoice Amount']
[ 2023-10-06 13:57:30,012 ] 36 root - INFO - Working on Models !
[ 2023-10-06 13:57:37,947 ] 67 root - INFO - Best found model on both training and testing dataset
[ 2023-10-06 13:57:37,960 ] 71 root - INFO - this is kind of main function that runs the complete mid process. 
[ 2023-10-06 13:57:37,960 ] 48 root - INFO - Enter the data ingestion method
[ 2023-10-06 13:57:37,960 ] 51 root - INFO - Read the dataset as dataframe
[ 2023-10-06 13:57:37,960 ] 54 root - INFO - Train test split initiated
[ 2023-10-06 13:57:37,977 ] 78 root - INFO - Read train and test data completed
[ 2023-10-06 13:57:37,977 ] 81 root - INFO - Obtaining time series data transformation parameters
[ 2023-10-06 13:57:37,977 ] 62 root - INFO - Invoice columns: ['Invoice Amount']
[ 2023-10-06 13:57:37,988 ] 36 root - INFO - Working on Models !
[ 2023-10-06 13:57:41,873 ] 67 root - INFO - Best found model on both training and testing dataset
