[ 2023-10-06 12:20:27,645 ] 71 root - INFO - this is kind of main function that runs the complete mid process. 
[ 2023-10-06 12:20:27,645 ] 48 root - INFO - Enter the data ingestion method
[ 2023-10-06 12:20:27,645 ] 51 root - INFO - Read the dataset as dataframe
[ 2023-10-06 12:20:27,645 ] 54 root - INFO - Train test split initiated
[ 2023-10-06 12:20:27,668 ] 78 root - INFO - Read train and test data completed
[ 2023-10-06 12:20:27,668 ] 81 root - INFO - Obtaining time series data transformation parameters
[ 2023-10-06 12:20:27,668 ] 62 root - INFO - Invoice columns: ['Invoice Amount']
[ 2023-10-06 12:20:27,756 ] 42 root - INFO - Working on Models !
[ 2023-10-06 12:20:28,937 ] 72 root - INFO - Best found model on both training and testing dataset
[ 2023-10-06 12:20:28,942 ] 71 root - INFO - this is kind of main function that runs the complete mid process. 
[ 2023-10-06 12:20:28,942 ] 48 root - INFO - Enter the data ingestion method
[ 2023-10-06 12:20:28,942 ] 51 root - INFO - Read the dataset as dataframe
[ 2023-10-06 12:20:28,942 ] 54 root - INFO - Train test split initiated
[ 2023-10-06 12:20:28,961 ] 78 root - INFO - Read train and test data completed
[ 2023-10-06 12:20:28,961 ] 81 root - INFO - Obtaining time series data transformation parameters
[ 2023-10-06 12:20:28,961 ] 62 root - INFO - Invoice columns: ['Invoice Amount']
[ 2023-10-06 12:20:28,976 ] 42 root - INFO - Working on Models !
[ 2023-10-06 12:20:29,862 ] 72 root - INFO - Best found model on both training and testing dataset
[ 2023-10-06 12:20:29,866 ] 71 root - INFO - this is kind of main function that runs the complete mid process. 
[ 2023-10-06 12:20:29,866 ] 48 root - INFO - Enter the data ingestion method
[ 2023-10-06 12:20:29,866 ] 51 root - INFO - Read the dataset as dataframe
[ 2023-10-06 12:20:29,867 ] 54 root - INFO - Train test split initiated
[ 2023-10-06 12:20:29,884 ] 78 root - INFO - Read train and test data completed
[ 2023-10-06 12:20:29,884 ] 81 root - INFO - Obtaining time series data transformation parameters
[ 2023-10-06 12:20:29,884 ] 62 root - INFO - Invoice columns: ['Invoice Amount']
[ 2023-10-06 12:20:29,897 ] 42 root - INFO - Working on Models !
