[ 2023-10-06 11:25:45,340 ] 71 root - INFO - this is kind of main function that runs the complete mid process. 
[ 2023-10-06 11:25:45,340 ] 48 root - INFO - Enter the data ingestion method
[ 2023-10-06 11:25:45,340 ] 51 root - INFO - Read the dataset as dataframe
[ 2023-10-06 11:25:45,340 ] 54 root - INFO - Train test split initiated
[ 2023-10-06 11:25:45,364 ] 78 root - INFO - Read train and test data completed
[ 2023-10-06 11:25:45,364 ] 81 root - INFO - Obtaining time series data transformation parameters
[ 2023-10-06 11:25:45,364 ] 62 root - INFO - Invoice columns: ['Invoice Amount']
[ 2023-10-06 11:25:45,381 ] 71 root - INFO - this is kind of main function that runs the complete mid process. 
[ 2023-10-06 11:25:45,382 ] 48 root - INFO - Enter the data ingestion method
[ 2023-10-06 11:25:45,382 ] 51 root - INFO - Read the dataset as dataframe
[ 2023-10-06 11:25:45,382 ] 54 root - INFO - Train test split initiated
[ 2023-10-06 11:25:45,399 ] 78 root - INFO - Read train and test data completed
[ 2023-10-06 11:25:45,399 ] 81 root - INFO - Obtaining time series data transformation parameters
[ 2023-10-06 11:25:45,399 ] 62 root - INFO - Invoice columns: ['Invoice Amount']
[ 2023-10-06 11:25:45,414 ] 71 root - INFO - this is kind of main function that runs the complete mid process. 
[ 2023-10-06 11:25:45,414 ] 48 root - INFO - Enter the data ingestion method
[ 2023-10-06 11:25:45,414 ] 51 root - INFO - Read the dataset as dataframe
[ 2023-10-06 11:25:45,414 ] 54 root - INFO - Train test split initiated
[ 2023-10-06 11:25:45,429 ] 78 root - INFO - Read train and test data completed
[ 2023-10-06 11:25:45,429 ] 81 root - INFO - Obtaining time series data transformation parameters
[ 2023-10-06 11:25:45,430 ] 62 root - INFO - Invoice columns: ['Invoice Amount']
