[ 2023-10-06 12:14:04,294 ] 71 root - INFO - this is kind of main function that runs the complete mid process. 
[ 2023-10-06 12:14:04,294 ] 48 root - INFO - Enter the data ingestion method
[ 2023-10-06 12:14:04,294 ] 51 root - INFO - Read the dataset as dataframe
[ 2023-10-06 12:14:04,295 ] 54 root - INFO - Train test split initiated
[ 2023-10-06 12:14:04,316 ] 78 root - INFO - Read train and test data completed
[ 2023-10-06 12:14:04,317 ] 81 root - INFO - Obtaining time series data transformation parameters
[ 2023-10-06 12:14:04,317 ] 62 root - INFO - Invoice columns: ['Invoice Amount']
[ 2023-10-06 12:14:04,331 ] 42 root - INFO - Working on Models !
[ 2023-10-06 12:14:05,467 ] 72 root - INFO - Best found model on both training and testing dataset
[ 2023-10-06 12:14:05,472 ] 71 root - INFO - this is kind of main function that runs the complete mid process. 
[ 2023-10-06 12:14:05,472 ] 48 root - INFO - Enter the data ingestion method
[ 2023-10-06 12:14:05,472 ] 51 root - INFO - Read the dataset as dataframe
[ 2023-10-06 12:14:05,472 ] 54 root - INFO - Train test split initiated
[ 2023-10-06 12:14:05,491 ] 78 root - INFO - Read train and test data completed
[ 2023-10-06 12:14:05,491 ] 81 root - INFO - Obtaining time series data transformation parameters
[ 2023-10-06 12:14:05,491 ] 62 root - INFO - Invoice columns: ['Invoice Amount']
[ 2023-10-06 12:14:05,504 ] 42 root - INFO - Working on Models !
[ 2023-10-06 12:14:06,379 ] 72 root - INFO - Best found model on both training and testing dataset
[ 2023-10-06 12:14:06,383 ] 71 root - INFO - this is kind of main function that runs the complete mid process. 
[ 2023-10-06 12:14:06,383 ] 48 root - INFO - Enter the data ingestion method
[ 2023-10-06 12:14:06,383 ] 51 root - INFO - Read the dataset as dataframe
[ 2023-10-06 12:14:06,384 ] 54 root - INFO - Train test split initiated
[ 2023-10-06 12:14:06,401 ] 78 root - INFO - Read train and test data completed
[ 2023-10-06 12:14:06,401 ] 81 root - INFO - Obtaining time series data transformation parameters
[ 2023-10-06 12:14:06,401 ] 62 root - INFO - Invoice columns: ['Invoice Amount']
[ 2023-10-06 12:14:06,416 ] 42 root - INFO - Working on Models !
