[ 2023-10-06 13:59:13,523 ] 71 root - INFO - this is kind of main function that runs the complete mid process. 
[ 2023-10-06 13:59:13,523 ] 48 root - INFO - Enter the data ingestion method
[ 2023-10-06 13:59:13,523 ] 51 root - INFO - Read the dataset as dataframe
[ 2023-10-06 13:59:13,523 ] 54 root - INFO - Train test split initiated
[ 2023-10-06 13:59:13,545 ] 78 root - INFO - Read train and test data completed
[ 2023-10-06 13:59:13,545 ] 81 root - INFO - Obtaining time series data transformation parameters
[ 2023-10-06 13:59:13,545 ] 62 root - INFO - Invoice columns: ['Invoice Amount']
[ 2023-10-06 13:59:13,557 ] 36 root - INFO - Working on Models !
[ 2023-10-06 13:59:15,443 ] 67 root - INFO - Best found model on both training and testing dataset
[ 2023-10-06 13:59:15,451 ] 71 root - INFO - this is kind of main function that runs the complete mid process. 
[ 2023-10-06 13:59:15,451 ] 48 root - INFO - Enter the data ingestion method
[ 2023-10-06 13:59:15,451 ] 51 root - INFO - Read the dataset as dataframe
[ 2023-10-06 13:59:15,451 ] 54 root - INFO - Train test split initiated
[ 2023-10-06 13:59:15,470 ] 78 root - INFO - Read train and test data completed
[ 2023-10-06 13:59:15,471 ] 81 root - INFO - Obtaining time series data transformation parameters
[ 2023-10-06 13:59:15,471 ] 62 root - INFO - Invoice columns: ['Invoice Amount']
[ 2023-10-06 13:59:15,482 ] 36 root - INFO - Working on Models !
[ 2023-10-06 13:59:23,533 ] 67 root - INFO - Best found model on both training and testing dataset
[ 2023-10-06 13:59:23,547 ] 71 root - INFO - this is kind of main function that runs the complete mid process. 
[ 2023-10-06 13:59:23,548 ] 48 root - INFO - Enter the data ingestion method
[ 2023-10-06 13:59:23,548 ] 51 root - INFO - Read the dataset as dataframe
[ 2023-10-06 13:59:23,548 ] 54 root - INFO - Train test split initiated
[ 2023-10-06 13:59:23,564 ] 78 root - INFO - Read train and test data completed
[ 2023-10-06 13:59:23,564 ] 81 root - INFO - Obtaining time series data transformation parameters
[ 2023-10-06 13:59:23,564 ] 62 root - INFO - Invoice columns: ['Invoice Amount']
[ 2023-10-06 13:59:23,575 ] 36 root - INFO - Working on Models !
[ 2023-10-06 13:59:27,194 ] 67 root - INFO - Best found model on both training and testing dataset
