[ 2023-10-06 12:16:01,362 ] 71 root - INFO - this is kind of main function that runs the complete mid process. 
[ 2023-10-06 12:16:01,362 ] 48 root - INFO - Enter the data ingestion method
[ 2023-10-06 12:16:01,362 ] 51 root - INFO - Read the dataset as dataframe
[ 2023-10-06 12:16:01,362 ] 54 root - INFO - Train test split initiated
[ 2023-10-06 12:16:01,387 ] 78 root - INFO - Read train and test data completed
[ 2023-10-06 12:16:01,387 ] 81 root - INFO - Obtaining time series data transformation parameters
[ 2023-10-06 12:16:01,387 ] 62 root - INFO - Invoice columns: ['Invoice Amount']
[ 2023-10-06 12:16:01,401 ] 42 root - INFO - Working on Models !
[ 2023-10-06 12:16:02,600 ] 72 root - INFO - Best found model on both training and testing dataset
[ 2023-10-06 12:16:02,605 ] 71 root - INFO - this is kind of main function that runs the complete mid process. 
[ 2023-10-06 12:16:02,605 ] 48 root - INFO - Enter the data ingestion method
[ 2023-10-06 12:16:02,605 ] 51 root - INFO - Read the dataset as dataframe
[ 2023-10-06 12:16:02,605 ] 54 root - INFO - Train test split initiated
[ 2023-10-06 12:16:02,624 ] 78 root - INFO - Read train and test data completed
[ 2023-10-06 12:16:02,624 ] 81 root - INFO - Obtaining time series data transformation parameters
[ 2023-10-06 12:16:02,624 ] 62 root - INFO - Invoice columns: ['Invoice Amount']
[ 2023-10-06 12:16:02,638 ] 42 root - INFO - Working on Models !
[ 2023-10-06 12:16:03,556 ] 72 root - INFO - Best found model on both training and testing dataset
[ 2023-10-06 12:16:03,561 ] 71 root - INFO - this is kind of main function that runs the complete mid process. 
[ 2023-10-06 12:16:03,561 ] 48 root - INFO - Enter the data ingestion method
[ 2023-10-06 12:16:03,562 ] 51 root - INFO - Read the dataset as dataframe
[ 2023-10-06 12:16:03,562 ] 54 root - INFO - Train test split initiated
[ 2023-10-06 12:16:03,580 ] 78 root - INFO - Read train and test data completed
[ 2023-10-06 12:16:03,580 ] 81 root - INFO - Obtaining time series data transformation parameters
[ 2023-10-06 12:16:03,580 ] 62 root - INFO - Invoice columns: ['Invoice Amount']
[ 2023-10-06 12:16:03,594 ] 42 root - INFO - Working on Models !
