[ 2023-10-06 12:23:58,551 ] 71 root - INFO - this is kind of main function that runs the complete mid process. 
[ 2023-10-06 12:23:58,551 ] 48 root - INFO - Enter the data ingestion method
[ 2023-10-06 12:23:58,551 ] 51 root - INFO - Read the dataset as dataframe
[ 2023-10-06 12:23:58,551 ] 54 root - INFO - Train test split initiated
[ 2023-10-06 12:23:58,573 ] 78 root - INFO - Read train and test data completed
[ 2023-10-06 12:23:58,573 ] 81 root - INFO - Obtaining time series data transformation parameters
[ 2023-10-06 12:23:58,574 ] 62 root - INFO - Invoice columns: ['Invoice Amount']
[ 2023-10-06 12:23:58,588 ] 42 root - INFO - Working on Models !
[ 2023-10-06 12:23:59,710 ] 72 root - INFO - Best found model on both training and testing dataset
[ 2023-10-06 12:23:59,715 ] 71 root - INFO - this is kind of main function that runs the complete mid process. 
[ 2023-10-06 12:23:59,716 ] 48 root - INFO - Enter the data ingestion method
[ 2023-10-06 12:23:59,716 ] 51 root - INFO - Read the dataset as dataframe
[ 2023-10-06 12:23:59,716 ] 54 root - INFO - Train test split initiated
[ 2023-10-06 12:23:59,736 ] 78 root - INFO - Read train and test data completed
[ 2023-10-06 12:23:59,736 ] 81 root - INFO - Obtaining time series data transformation parameters
[ 2023-10-06 12:23:59,736 ] 62 root - INFO - Invoice columns: ['Invoice Amount']
[ 2023-10-06 12:23:59,750 ] 42 root - INFO - Working on Models !
[ 2023-10-06 12:24:00,636 ] 72 root - INFO - Best found model on both training and testing dataset
[ 2023-10-06 12:24:00,640 ] 71 root - INFO - this is kind of main function that runs the complete mid process. 
[ 2023-10-06 12:24:00,640 ] 48 root - INFO - Enter the data ingestion method
[ 2023-10-06 12:24:00,640 ] 51 root - INFO - Read the dataset as dataframe
[ 2023-10-06 12:24:00,641 ] 54 root - INFO - Train test split initiated
[ 2023-10-06 12:24:00,658 ] 78 root - INFO - Read train and test data completed
[ 2023-10-06 12:24:00,658 ] 81 root - INFO - Obtaining time series data transformation parameters
[ 2023-10-06 12:24:00,658 ] 62 root - INFO - Invoice columns: ['Invoice Amount']
[ 2023-10-06 12:24:00,674 ] 42 root - INFO - Working on Models !
