[ 2023-10-06 19:01:10,786 ] 72 root - INFO - this is kind of main function that runs the complete mid process. 
[ 2023-10-06 19:01:10,787 ] 49 root - INFO - Enter the data ingestion method
[ 2023-10-06 19:01:10,787 ] 52 root - INFO - Read the dataset as dataframe
[ 2023-10-06 19:01:10,787 ] 55 root - INFO - Train test split initiated
[ 2023-10-06 19:01:10,807 ] 78 root - INFO - Read train and test data completed
[ 2023-10-06 19:01:10,807 ] 81 root - INFO - Obtaining time series data transformation parameters
[ 2023-10-06 19:01:10,807 ] 62 root - INFO - Invoice columns: ['Invoice Amount']
[ 2023-10-06 19:01:10,856 ] 37 root - INFO - Working on Models !
[ 2023-10-06 19:01:12,727 ] 68 root - INFO - Best found model on both training and testing dataset
[ 2023-10-06 19:01:12,737 ] 72 root - INFO - this is kind of main function that runs the complete mid process. 
[ 2023-10-06 19:01:12,737 ] 49 root - INFO - Enter the data ingestion method
[ 2023-10-06 19:01:12,737 ] 52 root - INFO - Read the dataset as dataframe
[ 2023-10-06 19:01:12,737 ] 55 root - INFO - Train test split initiated
[ 2023-10-06 19:01:12,756 ] 78 root - INFO - Read train and test data completed
[ 2023-10-06 19:01:12,756 ] 81 root - INFO - Obtaining time series data transformation parameters
[ 2023-10-06 19:01:12,756 ] 62 root - INFO - Invoice columns: ['Invoice Amount']
[ 2023-10-06 19:01:12,767 ] 37 root - INFO - Working on Models !
[ 2023-10-06 19:01:20,788 ] 68 root - INFO - Best found model on both training and testing dataset
[ 2023-10-06 19:01:20,803 ] 72 root - INFO - this is kind of main function that runs the complete mid process. 
[ 2023-10-06 19:01:20,803 ] 49 root - INFO - Enter the data ingestion method
[ 2023-10-06 19:01:20,803 ] 52 root - INFO - Read the dataset as dataframe
[ 2023-10-06 19:01:20,803 ] 55 root - INFO - Train test split initiated
[ 2023-10-06 19:01:20,819 ] 78 root - INFO - Read train and test data completed
[ 2023-10-06 19:01:20,819 ] 81 root - INFO - Obtaining time series data transformation parameters
[ 2023-10-06 19:01:20,819 ] 62 root - INFO - Invoice columns: ['Invoice Amount']
[ 2023-10-06 19:01:20,829 ] 37 root - INFO - Working on Models !
[ 2023-10-06 19:01:26,690 ] 68 root - INFO - Best found model on both training and testing dataset
