[ 2023-10-06 17:47:45,802 ] 72 root - INFO - this is kind of main function that runs the complete mid process. 
[ 2023-10-06 17:47:45,803 ] 49 root - INFO - Enter the data ingestion method
[ 2023-10-06 17:47:45,803 ] 52 root - INFO - Read the dataset as dataframe
[ 2023-10-06 17:47:45,803 ] 55 root - INFO - Train test split initiated
[ 2023-10-06 17:47:45,824 ] 78 root - INFO - Read train and test data completed
[ 2023-10-06 17:47:45,824 ] 81 root - INFO - Obtaining time series data transformation parameters
[ 2023-10-06 17:47:45,824 ] 62 root - INFO - Invoice columns: ['Invoice Amount']
[ 2023-10-06 17:47:45,836 ] 37 root - INFO - Working on Models !
[ 2023-10-06 17:47:47,661 ] 68 root - INFO - Best found model on both training and testing dataset
[ 2023-10-06 17:47:47,672 ] 72 root - INFO - this is kind of main function that runs the complete mid process. 
[ 2023-10-06 17:47:47,672 ] 49 root - INFO - Enter the data ingestion method
[ 2023-10-06 17:47:47,672 ] 52 root - INFO - Read the dataset as dataframe
[ 2023-10-06 17:47:47,672 ] 55 root - INFO - Train test split initiated
[ 2023-10-06 17:47:47,692 ] 78 root - INFO - Read train and test data completed
[ 2023-10-06 17:47:47,692 ] 81 root - INFO - Obtaining time series data transformation parameters
[ 2023-10-06 17:47:47,692 ] 62 root - INFO - Invoice columns: ['Invoice Amount']
[ 2023-10-06 17:47:47,702 ] 37 root - INFO - Working on Models !
[ 2023-10-06 17:47:55,928 ] 68 root - INFO - Best found model on both training and testing dataset
[ 2023-10-06 17:47:55,945 ] 72 root - INFO - this is kind of main function that runs the complete mid process. 
[ 2023-10-06 17:47:55,945 ] 49 root - INFO - Enter the data ingestion method
[ 2023-10-06 17:47:55,945 ] 52 root - INFO - Read the dataset as dataframe
[ 2023-10-06 17:47:55,945 ] 55 root - INFO - Train test split initiated
[ 2023-10-06 17:47:55,963 ] 78 root - INFO - Read train and test data completed
[ 2023-10-06 17:47:55,963 ] 81 root - INFO - Obtaining time series data transformation parameters
[ 2023-10-06 17:47:55,963 ] 62 root - INFO - Invoice columns: ['Invoice Amount']
[ 2023-10-06 17:47:55,974 ] 37 root - INFO - Working on Models !
[ 2023-10-06 17:47:59,695 ] 68 root - INFO - Best found model on both training and testing dataset
