[ 2023-10-06 13:46:15,817 ] 71 root - INFO - this is kind of main function that runs the complete mid process. 
[ 2023-10-06 13:46:15,818 ] 48 root - INFO - Enter the data ingestion method
[ 2023-10-06 13:46:15,818 ] 51 root - INFO - Read the dataset as dataframe
[ 2023-10-06 13:46:15,818 ] 54 root - INFO - Train test split initiated
[ 2023-10-06 13:46:15,838 ] 78 root - INFO - Read train and test data completed
[ 2023-10-06 13:46:15,838 ] 81 root - INFO - Obtaining time series data transformation parameters
[ 2023-10-06 13:46:15,838 ] 62 root - INFO - Invoice columns: ['Invoice Amount']
[ 2023-10-06 13:46:15,853 ] 36 root - INFO - Working on Models !
[ 2023-10-06 13:46:17,022 ] 67 root - INFO - Best found model on both training and testing dataset
[ 2023-10-06 13:46:17,028 ] 71 root - INFO - this is kind of main function that runs the complete mid process. 
[ 2023-10-06 13:46:17,028 ] 48 root - INFO - Enter the data ingestion method
[ 2023-10-06 13:46:17,028 ] 51 root - INFO - Read the dataset as dataframe
[ 2023-10-06 13:46:17,028 ] 54 root - INFO - Train test split initiated
[ 2023-10-06 13:46:17,050 ] 78 root - INFO - Read train and test data completed
[ 2023-10-06 13:46:17,050 ] 81 root - INFO - Obtaining time series data transformation parameters
[ 2023-10-06 13:46:17,050 ] 62 root - INFO - Invoice columns: ['Invoice Amount']
[ 2023-10-06 13:46:17,065 ] 36 root - INFO - Working on Models !
[ 2023-10-06 13:46:17,887 ] 67 root - INFO - Best found model on both training and testing dataset
[ 2023-10-06 13:46:17,893 ] 71 root - INFO - this is kind of main function that runs the complete mid process. 
[ 2023-10-06 13:46:17,893 ] 48 root - INFO - Enter the data ingestion method
[ 2023-10-06 13:46:17,893 ] 51 root - INFO - Read the dataset as dataframe
[ 2023-10-06 13:46:17,893 ] 54 root - INFO - Train test split initiated
[ 2023-10-06 13:46:17,909 ] 78 root - INFO - Read train and test data completed
[ 2023-10-06 13:46:17,909 ] 81 root - INFO - Obtaining time series data transformation parameters
[ 2023-10-06 13:46:17,909 ] 62 root - INFO - Invoice columns: ['Invoice Amount']
[ 2023-10-06 13:46:17,922 ] 36 root - INFO - Working on Models !
[ 2023-10-06 13:46:19,011 ] 67 root - INFO - Best found model on both training and testing dataset
