[ 2023-10-07 13:09:08,492 ] 72 root - INFO - this is kind of main function that runs the complete mid process. 
[ 2023-10-07 13:09:08,493 ] 49 root - INFO - Enter the data ingestion method
[ 2023-10-07 13:09:08,493 ] 52 root - INFO - Read the dataset as dataframe
[ 2023-10-07 13:09:08,493 ] 55 root - INFO - Train test split initiated
[ 2023-10-07 13:09:08,517 ] 78 root - INFO - Read train and test data completed
[ 2023-10-07 13:09:08,517 ] 81 root - INFO - Obtaining time series data transformation parameters
[ 2023-10-07 13:09:08,517 ] 62 root - INFO - Invoice columns: ['Invoice Amount']
[ 2023-10-07 13:09:08,527 ] 39 root - INFO - Working on Models !
[ 2023-10-07 13:09:10,378 ] 70 root - INFO - Best found model on both training and testing dataset
[ 2023-10-07 13:09:10,399 ] 72 root - INFO - this is kind of main function that runs the complete mid process. 
[ 2023-10-07 13:09:10,399 ] 49 root - INFO - Enter the data ingestion method
[ 2023-10-07 13:09:10,400 ] 52 root - INFO - Read the dataset as dataframe
[ 2023-10-07 13:09:10,400 ] 55 root - INFO - Train test split initiated
[ 2023-10-07 13:09:10,419 ] 78 root - INFO - Read train and test data completed
[ 2023-10-07 13:09:10,419 ] 81 root - INFO - Obtaining time series data transformation parameters
[ 2023-10-07 13:09:10,419 ] 62 root - INFO - Invoice columns: ['Invoice Amount']
[ 2023-10-07 13:09:10,429 ] 39 root - INFO - Working on Models !
[ 2023-10-07 13:09:18,144 ] 70 root - INFO - Best found model on both training and testing dataset
[ 2023-10-07 13:09:18,186 ] 72 root - INFO - this is kind of main function that runs the complete mid process. 
[ 2023-10-07 13:09:18,186 ] 49 root - INFO - Enter the data ingestion method
[ 2023-10-07 13:09:18,186 ] 52 root - INFO - Read the dataset as dataframe
[ 2023-10-07 13:09:18,187 ] 55 root - INFO - Train test split initiated
[ 2023-10-07 13:09:18,215 ] 78 root - INFO - Read train and test data completed
[ 2023-10-07 13:09:18,215 ] 81 root - INFO - Obtaining time series data transformation parameters
[ 2023-10-07 13:09:18,215 ] 62 root - INFO - Invoice columns: ['Invoice Amount']
[ 2023-10-07 13:09:18,226 ] 39 root - INFO - Working on Models !
[ 2023-10-07 13:09:21,803 ] 70 root - INFO - Best found model on both training and testing dataset
