[ 2023-10-06 12:12:34,053 ] 71 root - INFO - this is kind of main function that runs the complete mid process. 
[ 2023-10-06 12:12:34,053 ] 48 root - INFO - Enter the data ingestion method
[ 2023-10-06 12:12:34,053 ] 51 root - INFO - Read the dataset as dataframe
[ 2023-10-06 12:12:34,053 ] 54 root - INFO - Train test split initiated
[ 2023-10-06 12:12:34,075 ] 78 root - INFO - Read train and test data completed
[ 2023-10-06 12:12:34,076 ] 81 root - INFO - Obtaining time series data transformation parameters
[ 2023-10-06 12:12:34,076 ] 62 root - INFO - Invoice columns: ['Invoice Amount']
[ 2023-10-06 12:12:34,091 ] 42 root - INFO - Working on Models !
[ 2023-10-06 12:12:35,286 ] 72 root - INFO - Best found model on both training and testing dataset
[ 2023-10-06 12:12:35,291 ] 71 root - INFO - this is kind of main function that runs the complete mid process. 
[ 2023-10-06 12:12:35,291 ] 48 root - INFO - Enter the data ingestion method
[ 2023-10-06 12:12:35,291 ] 51 root - INFO - Read the dataset as dataframe
[ 2023-10-06 12:12:35,292 ] 54 root - INFO - Train test split initiated
[ 2023-10-06 12:12:35,312 ] 78 root - INFO - Read train and test data completed
[ 2023-10-06 12:12:35,312 ] 81 root - INFO - Obtaining time series data transformation parameters
[ 2023-10-06 12:12:35,312 ] 62 root - INFO - Invoice columns: ['Invoice Amount']
[ 2023-10-06 12:12:35,327 ] 42 root - INFO - Working on Models !
[ 2023-10-06 12:12:36,250 ] 72 root - INFO - Best found model on both training and testing dataset
[ 2023-10-06 12:12:36,255 ] 71 root - INFO - this is kind of main function that runs the complete mid process. 
[ 2023-10-06 12:12:36,255 ] 48 root - INFO - Enter the data ingestion method
[ 2023-10-06 12:12:36,255 ] 51 root - INFO - Read the dataset as dataframe
[ 2023-10-06 12:12:36,255 ] 54 root - INFO - Train test split initiated
[ 2023-10-06 12:12:36,272 ] 78 root - INFO - Read train and test data completed
[ 2023-10-06 12:12:36,272 ] 81 root - INFO - Obtaining time series data transformation parameters
[ 2023-10-06 12:12:36,272 ] 62 root - INFO - Invoice columns: ['Invoice Amount']
[ 2023-10-06 12:12:36,284 ] 42 root - INFO - Working on Models !
