[ 2023-10-06 18:53:49,045 ] 72 root - INFO - this is kind of main function that runs the complete mid process. 
[ 2023-10-06 18:53:49,045 ] 49 root - INFO - Enter the data ingestion method
[ 2023-10-06 18:53:49,045 ] 52 root - INFO - Read the dataset as dataframe
[ 2023-10-06 18:53:49,046 ] 55 root - INFO - Train test split initiated
[ 2023-10-06 18:53:49,071 ] 78 root - INFO - Read train and test data completed
[ 2023-10-06 18:53:49,071 ] 81 root - INFO - Obtaining time series data transformation parameters
[ 2023-10-06 18:53:49,071 ] 62 root - INFO - Invoice columns: ['Invoice Amount']
[ 2023-10-06 18:53:49,255 ] 37 root - INFO - Working on Models !
[ 2023-10-06 18:53:51,211 ] 68 root - INFO - Best found model on both training and testing dataset
[ 2023-10-06 18:53:51,221 ] 72 root - INFO - this is kind of main function that runs the complete mid process. 
[ 2023-10-06 18:53:51,221 ] 49 root - INFO - Enter the data ingestion method
[ 2023-10-06 18:53:51,221 ] 52 root - INFO - Read the dataset as dataframe
[ 2023-10-06 18:53:51,221 ] 55 root - INFO - Train test split initiated
[ 2023-10-06 18:53:51,240 ] 78 root - INFO - Read train and test data completed
[ 2023-10-06 18:53:51,240 ] 81 root - INFO - Obtaining time series data transformation parameters
[ 2023-10-06 18:53:51,240 ] 62 root - INFO - Invoice columns: ['Invoice Amount']
[ 2023-10-06 18:53:51,250 ] 37 root - INFO - Working on Models !
[ 2023-10-06 18:53:59,512 ] 68 root - INFO - Best found model on both training and testing dataset
[ 2023-10-06 18:53:59,529 ] 72 root - INFO - this is kind of main function that runs the complete mid process. 
[ 2023-10-06 18:53:59,529 ] 49 root - INFO - Enter the data ingestion method
[ 2023-10-06 18:53:59,529 ] 52 root - INFO - Read the dataset as dataframe
[ 2023-10-06 18:53:59,529 ] 55 root - INFO - Train test split initiated
[ 2023-10-06 18:53:59,549 ] 78 root - INFO - Read train and test data completed
[ 2023-10-06 18:53:59,549 ] 81 root - INFO - Obtaining time series data transformation parameters
[ 2023-10-06 18:53:59,549 ] 62 root - INFO - Invoice columns: ['Invoice Amount']
[ 2023-10-06 18:53:59,560 ] 37 root - INFO - Working on Models !
[ 2023-10-06 18:54:03,405 ] 68 root - INFO - Best found model on both training and testing dataset
