[ 2023-10-07 13:10:11,381 ] 72 root - INFO - this is kind of main function that runs the complete mid process. 
[ 2023-10-07 13:10:11,381 ] 49 root - INFO - Enter the data ingestion method
[ 2023-10-07 13:10:11,381 ] 52 root - INFO - Read the dataset as dataframe
[ 2023-10-07 13:10:11,381 ] 55 root - INFO - Train test split initiated
[ 2023-10-07 13:10:11,416 ] 78 root - INFO - Read train and test data completed
[ 2023-10-07 13:10:11,416 ] 81 root - INFO - Obtaining time series data transformation parameters
[ 2023-10-07 13:10:11,416 ] 62 root - INFO - Invoice columns: ['Invoice Amount']
[ 2023-10-07 13:10:11,438 ] 39 root - INFO - Working on Models !
[ 2023-10-07 13:10:13,383 ] 70 root - INFO - Best found model on both training and testing dataset
[ 2023-10-07 13:10:13,394 ] 72 root - INFO - this is kind of main function that runs the complete mid process. 
[ 2023-10-07 13:10:13,394 ] 49 root - INFO - Enter the data ingestion method
[ 2023-10-07 13:10:13,394 ] 52 root - INFO - Read the dataset as dataframe
[ 2023-10-07 13:10:13,395 ] 55 root - INFO - Train test split initiated
[ 2023-10-07 13:10:13,416 ] 78 root - INFO - Read train and test data completed
[ 2023-10-07 13:10:13,416 ] 81 root - INFO - Obtaining time series data transformation parameters
[ 2023-10-07 13:10:13,416 ] 62 root - INFO - Invoice columns: ['Invoice Amount']
[ 2023-10-07 13:10:13,427 ] 39 root - INFO - Working on Models !
[ 2023-10-07 13:10:21,474 ] 70 root - INFO - Best found model on both training and testing dataset
[ 2023-10-07 13:10:21,489 ] 72 root - INFO - this is kind of main function that runs the complete mid process. 
[ 2023-10-07 13:10:21,489 ] 49 root - INFO - Enter the data ingestion method
[ 2023-10-07 13:10:21,489 ] 52 root - INFO - Read the dataset as dataframe
[ 2023-10-07 13:10:21,489 ] 55 root - INFO - Train test split initiated
[ 2023-10-07 13:10:21,508 ] 78 root - INFO - Read train and test data completed
[ 2023-10-07 13:10:21,508 ] 81 root - INFO - Obtaining time series data transformation parameters
[ 2023-10-07 13:10:21,508 ] 62 root - INFO - Invoice columns: ['Invoice Amount']
[ 2023-10-07 13:10:21,518 ] 39 root - INFO - Working on Models !
[ 2023-10-07 13:10:25,232 ] 70 root - INFO - Best found model on both training and testing dataset
