[ 2023-10-06 17:35:06,406 ] 72 root - INFO - this is kind of main function that runs the complete mid process. 
[ 2023-10-06 17:35:06,407 ] 49 root - INFO - Enter the data ingestion method
[ 2023-10-06 17:35:06,407 ] 52 root - INFO - Read the dataset as dataframe
[ 2023-10-06 17:35:06,407 ] 55 root - INFO - Train test split initiated
[ 2023-10-06 17:35:06,429 ] 78 root - INFO - Read train and test data completed
[ 2023-10-06 17:35:06,430 ] 81 root - INFO - Obtaining time series data transformation parameters
[ 2023-10-06 17:35:06,430 ] 62 root - INFO - Invoice columns: ['Invoice Amount']
[ 2023-10-06 17:35:06,442 ] 37 root - INFO - Working on Models !
[ 2023-10-06 17:35:08,305 ] 68 root - INFO - Best found model on both training and testing dataset
[ 2023-10-06 17:35:08,314 ] 72 root - INFO - this is kind of main function that runs the complete mid process. 
[ 2023-10-06 17:35:08,314 ] 49 root - INFO - Enter the data ingestion method
[ 2023-10-06 17:35:08,315 ] 52 root - INFO - Read the dataset as dataframe
[ 2023-10-06 17:35:08,315 ] 55 root - INFO - Train test split initiated
[ 2023-10-06 17:35:08,333 ] 78 root - INFO - Read train and test data completed
[ 2023-10-06 17:35:08,333 ] 81 root - INFO - Obtaining time series data transformation parameters
[ 2023-10-06 17:35:08,333 ] 62 root - INFO - Invoice columns: ['Invoice Amount']
[ 2023-10-06 17:35:08,343 ] 37 root - INFO - Working on Models !
[ 2023-10-06 17:35:16,166 ] 68 root - INFO - Best found model on both training and testing dataset
[ 2023-10-06 17:35:16,179 ] 72 root - INFO - this is kind of main function that runs the complete mid process. 
[ 2023-10-06 17:35:16,180 ] 49 root - INFO - Enter the data ingestion method
[ 2023-10-06 17:35:16,181 ] 52 root - INFO - Read the dataset as dataframe
[ 2023-10-06 17:35:16,181 ] 55 root - INFO - Train test split initiated
[ 2023-10-06 17:35:16,196 ] 78 root - INFO - Read train and test data completed
[ 2023-10-06 17:35:16,196 ] 81 root - INFO - Obtaining time series data transformation parameters
[ 2023-10-06 17:35:16,196 ] 62 root - INFO - Invoice columns: ['Invoice Amount']
[ 2023-10-06 17:35:16,208 ] 37 root - INFO - Working on Models !
[ 2023-10-06 17:35:19,810 ] 68 root - INFO - Best found model on both training and testing dataset
